

Microchip Technology PIC18 LITE Macro Assembler V1.31 build 56723 
                                                                                               Tue Jun 16 22:04:22 2015

Microchip Technology Omniscient Code Generator (Lite mode) build 56723
     1                           	processor	18F4550
     2                           	fnconf	rparam,??,?,0
     3                           	opt	pw 120
     4                           	opt	lm
     5                           	psect	idataCOMRAM,global,class=CODE,delta=1
     6                           	psect	cinit,global,reloc=2,class=CODE,delta=1
     7                           	psect	bssCOMRAM,global,class=COMRAM,space=1,delta=1
     8                           	psect	dataCOMRAM,global,class=COMRAM,space=1,delta=1
     9                           	psect	cstackCOMRAM,global,class=COMRAM,space=1,delta=1
    10                           	psect	text0,global,reloc=2,class=CODE,delta=1
    11                           	psect	text1,global,reloc=2,class=CODE,delta=1
    12                           	psect	text2,global,reloc=2,class=CODE,delta=1
    13                           	psect	text3,global,reloc=2,class=CODE,delta=1
    14                           	psect	text4,global,reloc=2,class=CODE,delta=1
    15                           	psect	text5,global,reloc=2,class=CODE,delta=1
    16                           	psect	text6,global,reloc=2,class=CODE,delta=1
    17                           	psect	text7,global,reloc=2,class=CODE,delta=1
    18                           	psect	text8,global,reloc=2,class=CODE,delta=1
    19                           	psect	intcode,global,reloc=2,class=CODE,delta=1
    20                           	psect	intcode_body,global,reloc=2,class=CODE,delta=1
    21                           	psect	intsave_regs,global,class=BIGRAM,space=1,delta=1
    22                           	psect	rparam,global,class=COMRAM,space=1,delta=1
    23  0000                     
    24                           	psect	idataCOMRAM
    25  007C3A                     __pidataCOMRAM:
    26                           	opt stack 0
    27                           
    28                           ;initializer for _R
    29  007C3A  0FDF               	dw	4063
    30                           
    31                           ;initializer for _REG
    32  007C3C  0F                 	db	15
    33                           
    34                           ;initializer for _REGad
    35  007C3D  DF                 	db	223
    36  0000                     _ADRES	set	4035
    37  0000                     _ADCON0	set	4034
    38  0000                     _ADCON0bits	set	4034
    39  0000                     _ADCON1	set	4033
    40  0000                     _ADCON2	set	4032
    41  0000                     _ADCON2bits	set	4032
    42  0000                     _ADRESH	set	4036
    43  0000                     _BAUDCON	set	4024
    44  0000                     _BAUDCONbits	set	4024
    45  0000                     _CCP1CON	set	4029
    46  0000                     _CCP2CON	set	4026
    47  0000                     _CCPR1L	set	4030
    48  0000                     _CCPR2L	set	4027
    49  0000                     _EEADR	set	4009
    50  0000                     _EECON1	set	4006
    51  0000                     _EECON1bits	set	4006
    52  0000                     _EECON2	set	4007
    53  0000                     _EEDATA	set	4008
    54  0000                     _INTCON2bits	set	4081
    55  0000                     _INTCON3bits	set	4080
    56  0000                     _INTCONbits	set	4082
    57  0000                     _IPR1bits	set	3999
    58  0000                     _LATA	set	3977
    59  0000                     _LATB	set	3978
    60  0000                     _LATC	set	3979
    61  0000                     _PIE1bits	set	3997
    62  0000                     _PIE2bits	set	4000
    63  0000                     _PORTAbits	set	3968
    64  0000                     _PORTBbits	set	3969
    65  0000                     _PORTCbits	set	3970
    66  0000                     _PORTDbits	set	3971
    67  0000                     _PORTEbits	set	3972
    68  0000                     _PR2	set	4043
    69  0000                     _RCONbits	set	4048
    70  0000                     _RCSTA	set	4011
    71  0000                     _SPBRG	set	4015
    72  0000                     _SPBRGH	set	4016
    73  0000                     _T0CON	set	4053
    74  0000                     _T0CONbits	set	4053
    75  0000                     _T1CONbits	set	4045
    76  0000                     _T2CON	set	4042
    77  0000                     _T2CONbits	set	4042
    78  0000                     _T3CONbits	set	4017
    79  0000                     _TMR0H	set	4055
    80  0000                     _TMR0L	set	4054
    81  0000                     _TMR1H	set	4047
    82  0000                     _TMR1L	set	4046
    83  0000                     _TMR3H	set	4019
    84  0000                     _TMR3L	set	4018
    85  0000                     _TRISA	set	3986
    86  0000                     _TRISAbits	set	3986
    87  0000                     _TRISB	set	3987
    88  0000                     _TRISBbits	set	3987
    89  0000                     _TRISC	set	3988
    90  0000                     _TRISCbits	set	3988
    91  0000                     _TRISDbits	set	3989
    92  0000                     _TXREG	set	4013
    93  0000                     _TXSTA	set	4012
    94  0000                     _TXSTAbits	set	4012
    95  0000                     _WDTCONbits	set	4049
    96                           
    97                           ; #config settings
    98                           
    99                           	psect	cinit
   100  007C64                     __pcinit:
   101                           	opt stack 0
   102  007C64                     start_initialization:
   103                           	opt stack 0
   104  007C64                     __initialization:
   105                           	opt stack 0
   106                           
   107                           ; Clear objects allocated to COMRAM (1 bytes)
   108  007C64  6A22               	clrf	__pbssCOMRAM& (0+255),c
   109                           
   110                           ; Initialize objects allocated to COMRAM (4 bytes)
   111                           ; load TBLPTR registers with __pidataCOMRAM
   112  007C66  0E3A               	movlw	low __pidataCOMRAM
   113  007C68  6EF6               	movwf	tblptrl,c
   114  007C6A  0E7C               	movlw	high __pidataCOMRAM
   115  007C6C  6EF7               	movwf	tblptrh,c
   116  007C6E  0E00               	movlw	low (__pidataCOMRAM shr (0+16))
   117  007C70  6EF8               	movwf	tblptru,c
   118  007C72  EE00  F01E         	lfsr	0,__pdataCOMRAM
   119  007C76  EE10 F004          	lfsr	1,4
   120  007C7A                     copy_data0:
   121  007C7A  0009               	tblrd		*+
   122  007C7C  CFF5 FFEE          	movff	tablat,postinc0
   123  007C80  50E5               	movf	postdec1,w,c
   124  007C82  50E1               	movf	fsr1l,w,c
   125  007C84  E1FA               	bnz	copy_data0
   126  007C86                     end_of_initialization:
   127                           	opt stack 0
   128  007C86                     __end_of__initialization:
   129                           	opt stack 0
   130  007C86  0E00               	movlw	low (__Lmediumconst shr (0+16))
   131  007C88  6EF8               	movwf	tblptru,c
   132  007C8A  0100               	movlb	0
   133  007C8C  EF65  F03E         	goto	_main	;jump to C main() function
   134                           tblptru	equ	0xFF8
   135                           tblptrh	equ	0xFF7
   136                           tblptrl	equ	0xFF6
   137                           tablat	equ	0xFF5
   138                           postinc0	equ	0xFEE
   139                           postdec1	equ	0xFE5
   140                           fsr1l	equ	0xFE1
   141                           
   142                           	psect	bssCOMRAM
   143  000022                     __pbssCOMRAM:
   144                           	opt stack 0
   145  000022                     _k:
   146                           	opt stack 0
   147  000022                     	ds	1
   148                           tblptru	equ	0xFF8
   149                           tblptrh	equ	0xFF7
   150                           tblptrl	equ	0xFF6
   151                           tablat	equ	0xFF5
   152                           postinc0	equ	0xFEE
   153                           postdec1	equ	0xFE5
   154                           fsr1l	equ	0xFE1
   155                           
   156                           	psect	dataCOMRAM
   157  00001E                     __pdataCOMRAM:
   158                           	opt stack 0
   159  00001E                     _R:
   160                           	opt stack 0
   161  00001E                     	ds	2
   162  000020                     _REG:
   163                           	opt stack 0
   164  000020                     	ds	1
   165  000021                     _REGad:
   166                           	opt stack 0
   167  000021                     	ds	1
   168                           tblptru	equ	0xFF8
   169                           tblptrh	equ	0xFF7
   170                           tblptrl	equ	0xFF6
   171                           tablat	equ	0xFF5
   172                           postinc0	equ	0xFEE
   173                           postdec1	equ	0xFE5
   174                           fsr1l	equ	0xFE1
   175                           
   176                           	psect	cstackCOMRAM
   177  000001                     __pcstackCOMRAM:
   178                           	opt stack 0
   179  000001                     ??_interrupcao:
   180  000001                     
   181                           ; 1 bytes @ 0x0
   182  000001                     	ds	14
   183  00000F                     ?___awmod:
   184                           	opt stack 0
   185  00000F                     ?___wmul:
   186                           	opt stack 0
   187  00000F                     le_eeprom@endereco:
   188                           	opt stack 0
   189  00000F                     Delay1KTCYx@unit:
   190                           	opt stack 0
   191  00000F                     inverte_saida@pino:
   192                           	opt stack 0
   193  00000F                     ___awmod@dividend:
   194                           	opt stack 0
   195  00000F                     ___wmul@multiplier:
   196                           	opt stack 0
   197                           
   198                           ; 2 bytes @ 0xE
   199  00000F                     	ds	2
   200  000011                     ??_inverte_saida:
   201  000011                     ___awmod@divisor:
   202                           	opt stack 0
   203  000011                     ___wmul@multiplicand:
   204                           	opt stack 0
   205                           
   206                           ; 2 bytes @ 0x10
   207  000011                     	ds	2
   208  000013                     ??___awmod:
   209  000013                     ___wmul@product:
   210                           	opt stack 0
   211                           
   212                           ; 2 bytes @ 0x12
   213  000013                     	ds	1
   214  000014                     ___awmod@counter:
   215                           	opt stack 0
   216                           
   217                           ; 1 bytes @ 0x13
   218  000014                     	ds	1
   219  000015                     ___awmod@sign:
   220                           	opt stack 0
   221  000015                     tempo_ms@i:
   222                           	opt stack 0
   223                           
   224                           ; 2 bytes @ 0x14
   225  000015                     	ds	1
   226  000016                     ?___lwdiv:
   227                           	opt stack 0
   228  000016                     ___lwdiv@dividend:
   229                           	opt stack 0
   230                           
   231                           ; 2 bytes @ 0x15
   232  000016                     	ds	1
   233  000017                     tempo_ms@k:
   234                           	opt stack 0
   235                           
   236                           ; 2 bytes @ 0x16
   237  000017                     	ds	1
   238  000018                     ___lwdiv@divisor:
   239                           	opt stack 0
   240                           
   241                           ; 2 bytes @ 0x17
   242  000018                     	ds	2
   243  00001A                     ??___lwdiv:
   244                           
   245                           ; 0 bytes @ 0x19
   246  00001A                     	ds	1
   247  00001B                     ___lwdiv@quotient:
   248                           	opt stack 0
   249                           
   250                           ; 2 bytes @ 0x1A
   251  00001B                     	ds	2
   252  00001D                     ___lwdiv@counter:
   253                           	opt stack 0
   254                           
   255                           ; 1 bytes @ 0x1C
   256  00001D                     	ds	1
   257  00001E                     tblptru	equ	0xFF8
   258                           tblptrh	equ	0xFF7
   259                           tblptrl	equ	0xFF6
   260                           tablat	equ	0xFF5
   261                           postinc0	equ	0xFEE
   262                           postdec1	equ	0xFE5
   263                           fsr1l	equ	0xFE1
   264                           
   265                           ; 0 bytes @ 0x1D
   266 ;;
   267 ;;Main: autosize = 0, tempsize = 0, incstack = 0, save=0
   268 ;;
   269 ;; *************** function _main *****************
   270 ;; Defined at:
   271 ;;		line 6 in file "Blink.c"
   272 ;; Parameters:    Size  Location     Type
   273 ;;		None
   274 ;; Auto vars:     Size  Location     Type
   275 ;;		None
   276 ;; Return value:  Size  Location     Type
   277 ;;		None               void
   278 ;; Registers used:
   279 ;;		wreg, status,2, status,0, prodl, prodh, cstack
   280 ;; Tracked objects:
   281 ;;		On entry : 0/0
   282 ;;		On exit  : 0/0
   283 ;;		Unchanged: 0/0
   284 ;; Data sizes:     COMRAM   BANK0   BANK1   BANK2   BANK3   BANK4   BANK5   BANK6   BANK7
   285 ;;      Params:         0       0       0       0       0       0       0       0       0
   286 ;;      Locals:         0       0       0       0       0       0       0       0       0
   287 ;;      Temps:          0       0       0       0       0       0       0       0       0
   288 ;;      Totals:         0       0       0       0       0       0       0       0       0
   289 ;;Total ram usage:        0 bytes
   290 ;; Hardware stack levels required when called:    3
   291 ;; This function calls:
   292 ;;		_clock_int_48MHz
   293 ;;		_inverte_saida
   294 ;;		_tempo_ms
   295 ;; This function is called by:
   296 ;;		Startup code after reset
   297 ;; This function uses a non-reentrant model
   298 ;;
   299                           
   300                           	psect	text0
   301  007CCA                     __ptext0:
   302                           	opt stack 0
   303  007CCA                     _main:
   304                           	opt stack 28
   305                           
   306                           ;Blink.c: 7: clock_int_48MHz();
   307                           
   308                           ;incstack = 0
   309  007CCA  ECA6  F03E         	call	_clock_int_48MHz	;wreg free
   310  007CCE                     l1750:
   311                           
   312                           ;Blink.c: 10: {
   313                           ;Blink.c: 11: if(!PORTEbits.RE3){asm(" reset");}
   314  007CCE  A684               	btfss	3972,3,c	;volatile
   315  007CD0  00FF               	reset		;# 
   316                           
   317                           ;Blink.c: 13: inverte_saida(31775);
   318  007CD2  0E7C               	movlw	124
   319  007CD4  6E10               	movwf	inverte_saida@pino+1,c
   320  007CD6  0E1F               	movlw	31
   321  007CD8  6E0F               	movwf	inverte_saida@pino,c
   322  007CDA  EC7D  F03F         	call	_inverte_saida	;wreg free
   323                           
   324                           ;Blink.c: 14: tempo_ms(100);
   325  007CDE  0E00               	movlw	0
   326  007CE0  6E16               	movwf	tempo_ms@i+1,c
   327  007CE2  0E64               	movlw	100
   328  007CE4  6E15               	movwf	tempo_ms@i,c
   329  007CE6  EC82  F03E         	call	_tempo_ms	;wreg free
   330                           
   331                           ;Blink.c: 16: inverte_saida(31759);
   332  007CEA  0E7C               	movlw	124
   333  007CEC  6E10               	movwf	inverte_saida@pino+1,c
   334  007CEE  0E0F               	movlw	15
   335  007CF0  6E0F               	movwf	inverte_saida@pino,c
   336  007CF2  EC7D  F03F         	call	_inverte_saida	;wreg free
   337                           
   338                           ;Blink.c: 17: tempo_ms(100);
   339  007CF6  0E00               	movlw	0
   340  007CF8  6E16               	movwf	tempo_ms@i+1,c
   341  007CFA  0E64               	movlw	100
   342  007CFC  6E15               	movwf	tempo_ms@i,c
   343  007CFE  EC82  F03E         	call	_tempo_ms	;wreg free
   344  007D02  D7E5               	goto	l1750
   345  007D04                     __end_of_main:
   346                           	opt stack 0
   347                           tblptru	equ	0xFF8
   348                           tblptrh	equ	0xFF7
   349                           tblptrl	equ	0xFF6
   350                           tablat	equ	0xFF5
   351                           postinc0	equ	0xFEE
   352                           postdec1	equ	0xFE5
   353                           fsr1l	equ	0xFE1
   354                           
   355 ;; *************** function _tempo_ms *****************
   356 ;; Defined at:
   357 ;;		line 290 in file "SanUSB48X.h"
   358 ;; Parameters:    Size  Location     Type
   359 ;;  i               2   20[COMRAM] unsigned int 
   360 ;; Auto vars:     Size  Location     Type
   361 ;;  k               2   22[COMRAM] unsigned int 
   362 ;; Return value:  Size  Location     Type
   363 ;;		None               void
   364 ;; Registers used:
   365 ;;		wreg, status,2, status,0, prodl, prodh, cstack
   366 ;; Tracked objects:
   367 ;;		On entry : 0/0
   368 ;;		On exit  : 0/0
   369 ;;		Unchanged: 0/0
   370 ;; Data sizes:     COMRAM   BANK0   BANK1   BANK2   BANK3   BANK4   BANK5   BANK6   BANK7
   371 ;;      Params:         2       0       0       0       0       0       0       0       0
   372 ;;      Locals:         2       0       0       0       0       0       0       0       0
   373 ;;      Temps:          0       0       0       0       0       0       0       0       0
   374 ;;      Totals:         4       0       0       0       0       0       0       0       0
   375 ;;Total ram usage:        4 bytes
   376 ;; Hardware stack levels used:    1
   377 ;; Hardware stack levels required when called:    2
   378 ;; This function calls:
   379 ;;		_Delay1KTCYx
   380 ;;		___wmul
   381 ;; This function is called by:
   382 ;;		_main
   383 ;;		_le_AD8bits
   384 ;;		_le_AD10bits
   385 ;; This function uses a non-reentrant model
   386 ;;
   387                           
   388                           	psect	text1
   389  007D04                     __ptext1:
   390                           	opt stack 0
   391  007D04                     _tempo_ms:
   392                           	opt stack 28
   393                           
   394                           ;SanUSB48X.h: 292: EEADR =REG+0B11111100+1;
   395                           
   396                           ;incstack = 0
   397  007D04  5020               	movf	_REG,w,c
   398  007D06  0FFD               	addlw	253
   399  007D08  6EA9               	movwf	4009,c	;volatile
   400                           
   401                           ;SanUSB48X.h: 293: EECON1=REG+EEADR & 0B00001011;
   402  007D0A  5020               	movf	_REG,w,c
   403  007D0C  24A9               	addwf	4009,w,c	;volatile
   404  007D0E  0B0B               	andlw	11
   405  007D10  6EA6               	movwf	4006,c	;volatile
   406  007D12                     l282:
   407  007D12  66A8               	tstfsz	4008,c	;volatile
   408  007D14  D7FE               	goto	l282
   409                           
   410                           ;SanUSB48X.h: 295: for(k=0;k<12*i;k++) { Delay1KTCYx(1);}
   411  007D16  0E00               	movlw	0
   412  007D18  6E18               	movwf	tempo_ms@k+1,c
   413  007D1A  0E00               	movlw	0
   414  007D1C  6E17               	movwf	tempo_ms@k,c
   415  007D1E  D005               	goto	l1426
   416  007D20                     l1422:
   417  007D20  0E01               	movlw	1
   418  007D22  EC1F  F03E         	call	_Delay1KTCYx
   419  007D26  4A17               	infsnz	tempo_ms@k,f,c
   420  007D28  2A18               	incf	tempo_ms@k+1,f,c
   421  007D2A                     l1426:
   422  007D2A  C015  F00F         	movff	tempo_ms@i,___wmul@multiplier
   423  007D2E  C016  F010         	movff	tempo_ms@i+1,___wmul@multiplier+1
   424  007D32  0E00               	movlw	0
   425  007D34  6E12               	movwf	___wmul@multiplicand+1,c
   426  007D36  0E0C               	movlw	12
   427  007D38  6E11               	movwf	___wmul@multiplicand,c
   428  007D3A  EC48  F03E         	call	___wmul	;wreg free
   429  007D3E  500F               	movf	?___wmul,w,c
   430  007D40  5C17               	subwf	tempo_ms@k,w,c
   431  007D42  5010               	movf	?___wmul+1,w,c
   432  007D44  5818               	subwfb	tempo_ms@k+1,w,c
   433  007D46  B0D8               	btfsc	status,0,c
   434  007D48  0012               	return	
   435  007D4A  D7EA               	goto	l1422
   436  007D4C                     __end_of_tempo_ms:
   437                           	opt stack 0
   438                           tblptru	equ	0xFF8
   439                           tblptrh	equ	0xFF7
   440                           tblptrl	equ	0xFF6
   441                           tablat	equ	0xFF5
   442                           postinc0	equ	0xFEE
   443                           postdec1	equ	0xFE5
   444                           fsr1l	equ	0xFE1
   445                           status	equ	0xFD8
   446                           
   447 ;; *************** function ___wmul *****************
   448 ;; Defined at:
   449 ;;		line 3 in file "C:\Program Files (x86)\Microchip\xc8\v1.31\sources\common\wmul.c"
   450 ;; Parameters:    Size  Location     Type
   451 ;;  multiplier      2   14[COMRAM] unsigned int 
   452 ;;  multiplicand    2   16[COMRAM] unsigned int 
   453 ;; Auto vars:     Size  Location     Type
   454 ;;  product         2   18[COMRAM] unsigned int 
   455 ;; Return value:  Size  Location     Type
   456 ;;                  2   14[COMRAM] unsigned int 
   457 ;; Registers used:
   458 ;;		wreg, status,2, status,0, prodl, prodh
   459 ;; Tracked objects:
   460 ;;		On entry : 0/0
   461 ;;		On exit  : 0/0
   462 ;;		Unchanged: 0/0
   463 ;; Data sizes:     COMRAM   BANK0   BANK1   BANK2   BANK3   BANK4   BANK5   BANK6   BANK7
   464 ;;      Params:         4       0       0       0       0       0       0       0       0
   465 ;;      Locals:         2       0       0       0       0       0       0       0       0
   466 ;;      Temps:          0       0       0       0       0       0       0       0       0
   467 ;;      Totals:         6       0       0       0       0       0       0       0       0
   468 ;;Total ram usage:        6 bytes
   469 ;; Hardware stack levels used:    1
   470 ;; Hardware stack levels required when called:    1
   471 ;; This function calls:
   472 ;;		Nothing
   473 ;; This function is called by:
   474 ;;		_tempo_ms
   475 ;;		_tempo_us
   476 ;;		_timer0_ms
   477 ;;		_SetaPWM1
   478 ;;		_SetaPWM2
   479 ;; This function uses a non-reentrant model
   480 ;;
   481                           
   482                           	psect	text2
   483  007C90                     __ptext2:
   484                           	opt stack 0
   485  007C90                     ___wmul:
   486                           	opt stack 28
   487                           
   488                           ;incstack = 0
   489  007C90  500F               	movf	___wmul@multiplier,w,c
   490  007C92  0211               	mulwf	___wmul@multiplicand,c
   491  007C94  CFF3 F013          	movff	prodl,___wmul@product
   492  007C98  CFF4 F014          	movff	prodh,___wmul@product+1
   493  007C9C  500F               	movf	___wmul@multiplier,w,c
   494  007C9E  0212               	mulwf	___wmul@multiplicand+1,c
   495  007CA0  CFF3 FFF4          	movff	prodl,prodh
   496  007CA4  6AF3               	clrf	prodl,c
   497  007CA6  50F3               	movf	prodl,w,c
   498  007CA8  2613               	addwf	___wmul@product,f,c
   499  007CAA  50F4               	movf	prodh,w,c
   500  007CAC  2214               	addwfc	___wmul@product+1,f,c
   501  007CAE  5010               	movf	___wmul@multiplier+1,w,c
   502  007CB0  0211               	mulwf	___wmul@multiplicand,c
   503  007CB2  CFF3 FFF4          	movff	prodl,prodh
   504  007CB6  6AF3               	clrf	prodl,c
   505  007CB8  50F3               	movf	prodl,w,c
   506  007CBA  2613               	addwf	___wmul@product,f,c
   507  007CBC  50F4               	movf	prodh,w,c
   508  007CBE  2214               	addwfc	___wmul@product+1,f,c
   509  007CC0  C013  F00F         	movff	___wmul@product,?___wmul
   510  007CC4  C014  F010         	movff	___wmul@product+1,?___wmul+1
   511  007CC8  0012               	return	
   512  007CCA                     __end_of___wmul:
   513                           	opt stack 0
   514                           tblptru	equ	0xFF8
   515                           tblptrh	equ	0xFF7
   516                           tblptrl	equ	0xFF6
   517                           tablat	equ	0xFF5
   518                           prodh	equ	0xFF4
   519                           prodl	equ	0xFF3
   520                           postinc0	equ	0xFEE
   521                           postdec1	equ	0xFE5
   522                           fsr1l	equ	0xFE1
   523                           status	equ	0xFD8
   524                           
   525 ;; *************** function _Delay1KTCYx *****************
   526 ;; Defined at:
   527 ;;		line 8 in file "C:\Program Files (x86)\Microchip\xc8\v1.31\sources\pic18\d1ktcyx.c"
   528 ;; Parameters:    Size  Location     Type
   529 ;;  unit            1    wreg     unsigned char 
   530 ;; Auto vars:     Size  Location     Type
   531 ;;  unit            1   14[COMRAM] unsigned char 
   532 ;; Return value:  Size  Location     Type
   533 ;;		None               void
   534 ;; Registers used:
   535 ;;		wreg
   536 ;; Tracked objects:
   537 ;;		On entry : 0/0
   538 ;;		On exit  : 0/0
   539 ;;		Unchanged: 0/0
   540 ;; Data sizes:     COMRAM   BANK0   BANK1   BANK2   BANK3   BANK4   BANK5   BANK6   BANK7
   541 ;;      Params:         0       0       0       0       0       0       0       0       0
   542 ;;      Locals:         1       0       0       0       0       0       0       0       0
   543 ;;      Temps:          0       0       0       0       0       0       0       0       0
   544 ;;      Totals:         1       0       0       0       0       0       0       0       0
   545 ;;Total ram usage:        1 bytes
   546 ;; Hardware stack levels used:    1
   547 ;; Hardware stack levels required when called:    1
   548 ;; This function calls:
   549 ;;		Nothing
   550 ;; This function is called by:
   551 ;;		_tempo_ms
   552 ;; This function uses a non-reentrant model
   553 ;;
   554                           
   555                           	psect	text3
   556  007C3E                     __ptext3:
   557                           	opt stack 0
   558  007C3E                     _Delay1KTCYx:
   559                           	opt stack 28
   560                           
   561                           ;incstack = 0
   562                           ;Delay1KTCYx@unit stored from wreg
   563  007C3E  CFE8 F00F          	movff	wreg,Delay1KTCYx@unit
   564  007C42                     l660:
   565  007C42  0EFA               	movlw	250
   566  007C44                     u547:
   567  007C44  F000               	nop	
   568  007C46  2EE8               	decfsz	wreg,f,c
   569  007C48  D7FD               	goto	u547
   570  007C4A  2E0F               	decfsz	Delay1KTCYx@unit,f,c
   571  007C4C  D7FA               	goto	l660
   572  007C4E  0012               	return	
   573  007C50                     __end_of_Delay1KTCYx:
   574                           	opt stack 0
   575                           tblptru	equ	0xFF8
   576                           tblptrh	equ	0xFF7
   577                           tblptrl	equ	0xFF6
   578                           tablat	equ	0xFF5
   579                           prodh	equ	0xFF4
   580                           prodl	equ	0xFF3
   581                           postinc0	equ	0xFEE
   582                           wreg	equ	0xFE8
   583                           postdec1	equ	0xFE5
   584                           fsr1l	equ	0xFE1
   585                           status	equ	0xFD8
   586                           
   587 ;; *************** function _inverte_saida *****************
   588 ;; Defined at:
   589 ;;		line 228 in file "SanUSB48X.h"
   590 ;; Parameters:    Size  Location     Type
   591 ;;  pino            2   14[COMRAM] unsigned int 
   592 ;; Auto vars:     Size  Location     Type
   593 ;;		None
   594 ;; Return value:  Size  Location     Type
   595 ;;		None               void
   596 ;; Registers used:
   597 ;;		wreg, status,2, status,0
   598 ;; Tracked objects:
   599 ;;		On entry : 0/0
   600 ;;		On exit  : 0/0
   601 ;;		Unchanged: 0/0
   602 ;; Data sizes:     COMRAM   BANK0   BANK1   BANK2   BANK3   BANK4   BANK5   BANK6   BANK7
   603 ;;      Params:         2       0       0       0       0       0       0       0       0
   604 ;;      Locals:         0       0       0       0       0       0       0       0       0
   605 ;;      Temps:          2       0       0       0       0       0       0       0       0
   606 ;;      Totals:         4       0       0       0       0       0       0       0       0
   607 ;;Total ram usage:        4 bytes
   608 ;; Hardware stack levels used:    1
   609 ;; Hardware stack levels required when called:    1
   610 ;; This function calls:
   611 ;;		Nothing
   612 ;; This function is called by:
   613 ;;		_main
   614 ;; This function uses a non-reentrant model
   615 ;;
   616                           
   617                           	psect	text4
   618  007EFA                     __ptext4:
   619                           	opt stack 0
   620  007EFA                     _inverte_saida:
   621                           	opt stack 29
   622                           
   623                           ;SanUSB48X.h: 230: switch(pino){
   624                           
   625                           ;incstack = 0
   626  007EFA  D03C               	goto	l1412
   627  007EFC                     l228:
   628  007EFC  9092               	bcf	3986,0,c	;volatile
   629  007EFE  7080               	btg	3968,0,c	;volatile
   630  007F00  D07E               	goto	l249
   631  007F02                     l230:
   632  007F02  9292               	bcf	3986,1,c	;volatile
   633  007F04  7280               	btg	3968,1,c	;volatile
   634  007F06  D07B               	goto	l249
   635  007F08                     l231:
   636  007F08  9492               	bcf	3986,2,c	;volatile
   637  007F0A  7480               	btg	3968,2,c	;volatile
   638  007F0C  D078               	goto	l249
   639  007F0E                     l232:
   640  007F0E  9692               	bcf	3986,3,c	;volatile
   641  007F10  7680               	btg	3968,3,c	;volatile
   642  007F12  D075               	goto	l249
   643  007F14                     l233:
   644  007F14  9892               	bcf	3986,4,c	;volatile
   645  007F16  7880               	btg	3968,4,c	;volatile
   646  007F18  D072               	goto	l249
   647  007F1A                     l234:
   648  007F1A  9A92               	bcf	3986,5,c	;volatile
   649  007F1C  7A80               	btg	3968,5,c	;volatile
   650  007F1E  D06F               	goto	l249
   651  007F20                     l235:
   652  007F20  9093               	bcf	3987,0,c	;volatile
   653  007F22  7081               	btg	3969,0,c	;volatile
   654  007F24  D06C               	goto	l249
   655  007F26                     l236:
   656  007F26  9293               	bcf	3987,1,c	;volatile
   657  007F28  7281               	btg	3969,1,c	;volatile
   658  007F2A  D069               	goto	l249
   659  007F2C                     l237:
   660  007F2C  9493               	bcf	3987,2,c	;volatile
   661  007F2E  7481               	btg	3969,2,c	;volatile
   662  007F30  D066               	goto	l249
   663  007F32                     l238:
   664  007F32  9693               	bcf	3987,3,c	;volatile
   665  007F34  7681               	btg	3969,3,c	;volatile
   666  007F36  D063               	goto	l249
   667  007F38                     l239:
   668  007F38  9893               	bcf	3987,4,c	;volatile
   669  007F3A  7881               	btg	3969,4,c	;volatile
   670  007F3C  D060               	goto	l249
   671  007F3E                     l240:
   672  007F3E  9A93               	bcf	3987,5,c	;volatile
   673  007F40  7A81               	btg	3969,5,c	;volatile
   674  007F42  D05D               	goto	l249
   675  007F44                     l241:
   676  007F44  9C93               	bcf	3987,6,c	;volatile
   677  007F46  7C81               	btg	3969,6,c	;volatile
   678  007F48  D05A               	goto	l249
   679  007F4A                     l242:
   680  007F4A  9E93               	bcf	3987,7,c	;volatile
   681  007F4C  7E81               	btg	3969,7,c	;volatile
   682  007F4E  D057               	goto	l249
   683  007F50                     l243:
   684  007F50  9094               	bcf	3988,0,c	;volatile
   685  007F52  7082               	btg	3970,0,c	;volatile
   686  007F54  D054               	goto	l249
   687  007F56                     l244:
   688  007F56  9294               	bcf	3988,1,c	;volatile
   689  007F58  7282               	btg	3970,1,c	;volatile
   690  007F5A  D051               	goto	l249
   691  007F5C                     l245:
   692  007F5C  9494               	bcf	3988,2,c	;volatile
   693  007F5E  7482               	btg	3970,2,c	;volatile
   694  007F60  D04E               	goto	l249
   695  007F62                     l246:
   696  007F62  9C94               	bcf	3988,6,c	;volatile
   697  007F64  7C82               	btg	3970,6,c	;volatile
   698  007F66  D04B               	goto	l249
   699  007F68                     l247:
   700  007F68  9E94               	bcf	3988,7,c	;volatile
   701  007F6A  7E82               	btg	3970,7,c	;volatile
   702  007F6C  D048               	goto	l249
   703  007F6E                     l248:
   704  007F6E  9E95               	bcf	3989,7,c	;volatile
   705  007F70  7E83               	btg	3971,7,c	;volatile
   706  007F72  D045               	goto	l249
   707  007F74                     l1412:
   708  007F74  C00F  F011         	movff	inverte_saida@pino,??_inverte_saida
   709  007F78  C010  F012         	movff	inverte_saida@pino+1,??_inverte_saida+1
   710                           
   711                           ; Switch on 2 bytes has been partitioned into a top level switch of size 1, and 1 sub-sw
      +                          itches
   712                           ; Switch size 1, requested type "space"
   713                           ; Number of cases is 1, Range of values is 124 to 124
   714                           ; switch strategies available:
   715                           ; Name         Instructions Cycles
   716                           ; simple_byte            4     3 (average)
   717                           ;	Chosen strategy is simple_byte
   718  007F7C  5012               	movf	??_inverte_saida+1,w,c
   719  007F7E  0A7C               	xorlw	124	; case 124
   720  007F80  A4D8               	btfss	status,2,c
   721  007F82  D03D               	goto	l249
   722                           
   723                           ; Switch size 1, requested type "space"
   724                           ; Number of cases is 20, Range of values is 0 to 31
   725                           ; switch strategies available:
   726                           ; Name         Instructions Cycles
   727                           ; simple_byte           61    31 (average)
   728                           ;	Chosen strategy is simple_byte
   729  007F84  5011               	movf	??_inverte_saida,w,c
   730  007F86  0A00               	xorlw	0	; case 0
   731  007F88  B4D8               	btfsc	status,2,c
   732  007F8A  D7B8               	goto	l228
   733  007F8C  0A01               	xorlw	1	; case 1
   734  007F8E  B4D8               	btfsc	status,2,c
   735  007F90  D7B8               	goto	l230
   736  007F92  0A03               	xorlw	3	; case 2
   737  007F94  B4D8               	btfsc	status,2,c
   738  007F96  D7B8               	goto	l231
   739  007F98  0A01               	xorlw	1	; case 3
   740  007F9A  B4D8               	btfsc	status,2,c
   741  007F9C  D7B8               	goto	l232
   742  007F9E  0A07               	xorlw	7	; case 4
   743  007FA0  B4D8               	btfsc	status,2,c
   744  007FA2  D7B8               	goto	l233
   745  007FA4  0A01               	xorlw	1	; case 5
   746  007FA6  B4D8               	btfsc	status,2,c
   747  007FA8  D7B8               	goto	l234
   748  007FAA  0A0D               	xorlw	13	; case 8
   749  007FAC  B4D8               	btfsc	status,2,c
   750  007FAE  D7B8               	goto	l235
   751  007FB0  0A01               	xorlw	1	; case 9
   752  007FB2  B4D8               	btfsc	status,2,c
   753  007FB4  D7B8               	goto	l236
   754  007FB6  0A03               	xorlw	3	; case 10
   755  007FB8  B4D8               	btfsc	status,2,c
   756  007FBA  D7B8               	goto	l237
   757  007FBC  0A01               	xorlw	1	; case 11
   758  007FBE  B4D8               	btfsc	status,2,c
   759  007FC0  D7B8               	goto	l238
   760  007FC2  0A07               	xorlw	7	; case 12
   761  007FC4  B4D8               	btfsc	status,2,c
   762  007FC6  D7B8               	goto	l239
   763  007FC8  0A01               	xorlw	1	; case 13
   764  007FCA  B4D8               	btfsc	status,2,c
   765  007FCC  D7B8               	goto	l240
   766  007FCE  0A03               	xorlw	3	; case 14
   767  007FD0  B4D8               	btfsc	status,2,c
   768  007FD2  D7B8               	goto	l241
   769  007FD4  0A01               	xorlw	1	; case 15
   770  007FD6  B4D8               	btfsc	status,2,c
   771  007FD8  D7B8               	goto	l242
   772  007FDA  0A1F               	xorlw	31	; case 16
   773  007FDC  B4D8               	btfsc	status,2,c
   774  007FDE  D7B8               	goto	l243
   775  007FE0  0A01               	xorlw	1	; case 17
   776  007FE2  B4D8               	btfsc	status,2,c
   777  007FE4  D7B8               	goto	l244
   778  007FE6  0A03               	xorlw	3	; case 18
   779  007FE8  B4D8               	btfsc	status,2,c
   780  007FEA  D7B8               	goto	l245
   781  007FEC  0A04               	xorlw	4	; case 22
   782  007FEE  B4D8               	btfsc	status,2,c
   783  007FF0  D7B8               	goto	l246
   784  007FF2  0A01               	xorlw	1	; case 23
   785  007FF4  B4D8               	btfsc	status,2,c
   786  007FF6  D7B8               	goto	l247
   787  007FF8  0A08               	xorlw	8	; case 31
   788  007FFA  B4D8               	btfsc	status,2,c
   789  007FFC  D7B8               	goto	l248
   790  007FFE                     l249:
   791  007FFE  0012               	return	
   792  008000                     __end_of_inverte_saida:
   793                           	opt stack 0
   794                           tblptru	equ	0xFF8
   795                           tblptrh	equ	0xFF7
   796                           tblptrl	equ	0xFF6
   797                           tablat	equ	0xFF5
   798                           prodh	equ	0xFF4
   799                           prodl	equ	0xFF3
   800                           postinc0	equ	0xFEE
   801                           wreg	equ	0xFE8
   802                           postdec1	equ	0xFE5
   803                           fsr1l	equ	0xFE1
   804                           status	equ	0xFD8
   805                           
   806 ;; *************** function _clock_int_48MHz *****************
   807 ;; Defined at:
   808 ;;		line 435 in file "SanUSB48X.h"
   809 ;; Parameters:    Size  Location     Type
   810 ;;		None
   811 ;; Auto vars:     Size  Location     Type
   812 ;;		None
   813 ;; Return value:  Size  Location     Type
   814 ;;		None               void
   815 ;; Registers used:
   816 ;;		wreg, status,2, status,0, prodl, cstack
   817 ;; Tracked objects:
   818 ;;		On entry : 0/0
   819 ;;		On exit  : 0/0
   820 ;;		Unchanged: 0/0
   821 ;; Data sizes:     COMRAM   BANK0   BANK1   BANK2   BANK3   BANK4   BANK5   BANK6   BANK7
   822 ;;      Params:         0       0       0       0       0       0       0       0       0
   823 ;;      Locals:         0       0       0       0       0       0       0       0       0
   824 ;;      Temps:          0       0       0       0       0       0       0       0       0
   825 ;;      Totals:         0       0       0       0       0       0       0       0       0
   826 ;;Total ram usage:        0 bytes
   827 ;; Hardware stack levels used:    1
   828 ;; Hardware stack levels required when called:    2
   829 ;; This function calls:
   830 ;;		___awmod
   831 ;;		___lwdiv
   832 ;;		_le_eeprom
   833 ;; This function is called by:
   834 ;;		_main
   835 ;; This function uses a non-reentrant model
   836 ;;
   837                           
   838                           	psect	text5
   839  007D4C                     __ptext5:
   840                           	opt stack 0
   841  007D4C                     _clock_int_48MHz:
   842                           	opt stack 28
   843                           
   844                           ;SanUSB48X.h: 438: EEADR = 0B11111101;
   845                           
   846                           ;incstack = 0
   847  007D4C  0EFD               	movlw	253
   848  007D4E  6EA9               	movwf	4009,c	;volatile
   849                           
   850                           ;SanUSB48X.h: 439: EECON1=EEADR & 0B00001011;
   851  007D50  50A9               	movf	4009,w,c	;volatile
   852  007D52  0B0B               	andlw	11
   853  007D54  6EA6               	movwf	4006,c	;volatile
   854  007D56                     l372:
   855  007D56  66A8               	tstfsz	4008,c	;volatile
   856  007D58  D7FE               	goto	l372
   857                           
   858                           ;SanUSB48X.h: 441: REGad=R/((EEADR%126)<<4);
   859  007D5A  C01E  F016         	movff	_R,___lwdiv@dividend
   860  007D5E  C01F  F017         	movff	_R+1,___lwdiv@dividend+1
   861  007D62  0E00               	movlw	0
   862  007D64  6E12               	movwf	___awmod@divisor+1,c
   863  007D66  0E7E               	movlw	126
   864  007D68  6E11               	movwf	___awmod@divisor,c
   865  007D6A  CFA9 F00F          	movff	4009,___awmod@dividend	;volatile
   866  007D6E  6A10               	clrf	___awmod@dividend+1,c
   867  007D70  EC2F  F03F         	call	___awmod	;wreg free
   868  007D74  3A0F               	swapf	?___awmod,f,c
   869  007D76  3A10               	swapf	?___awmod+1,f,c
   870  007D78  0EF0               	movlw	240
   871  007D7A  1610               	andwf	?___awmod+1,f,c
   872  007D7C  500F               	movf	?___awmod,w,c
   873  007D7E  0B0F               	andlw	15
   874  007D80  1210               	iorwf	?___awmod+1,f,c
   875  007D82  0EF0               	movlw	240
   876  007D84  160F               	andwf	?___awmod,f,c
   877  007D86  C00F  F018         	movff	?___awmod,___lwdiv@divisor
   878  007D8A  C010  F019         	movff	?___awmod+1,___lwdiv@divisor+1
   879  007D8E  ECD0  F03E         	call	___lwdiv	;wreg free
   880  007D92  5016               	movf	?___lwdiv,w,c
   881  007D94  6E21               	movwf	_REGad,c
   882                           
   883                           ;SanUSB48X.h: 442: REG=le_eeprom(REGad);
   884  007D96  5021               	movf	_REGad,w,c
   885  007D98  EC28  F03E         	call	_le_eeprom
   886  007D9C  6E20               	movwf	_REG,c
   887  007D9E  0012               	return	
   888  007DA0                     __end_of_clock_int_48MHz:
   889                           	opt stack 0
   890                           tblptru	equ	0xFF8
   891                           tblptrh	equ	0xFF7
   892                           tblptrl	equ	0xFF6
   893                           tablat	equ	0xFF5
   894                           prodh	equ	0xFF4
   895                           prodl	equ	0xFF3
   896                           postinc0	equ	0xFEE
   897                           wreg	equ	0xFE8
   898                           postdec1	equ	0xFE5
   899                           fsr1l	equ	0xFE1
   900                           status	equ	0xFD8
   901                           
   902 ;; *************** function _le_eeprom *****************
   903 ;; Defined at:
   904 ;;		line 425 in file "SanUSB48X.h"
   905 ;; Parameters:    Size  Location     Type
   906 ;;  endereco        1    wreg     unsigned char 
   907 ;; Auto vars:     Size  Location     Type
   908 ;;  endereco        1   14[COMRAM] unsigned char 
   909 ;; Return value:  Size  Location     Type
   910 ;;                  1    wreg      unsigned char 
   911 ;; Registers used:
   912 ;;		wreg, status,2
   913 ;; Tracked objects:
   914 ;;		On entry : 0/0
   915 ;;		On exit  : 0/0
   916 ;;		Unchanged: 0/0
   917 ;; Data sizes:     COMRAM   BANK0   BANK1   BANK2   BANK3   BANK4   BANK5   BANK6   BANK7
   918 ;;      Params:         0       0       0       0       0       0       0       0       0
   919 ;;      Locals:         1       0       0       0       0       0       0       0       0
   920 ;;      Temps:          0       0       0       0       0       0       0       0       0
   921 ;;      Totals:         1       0       0       0       0       0       0       0       0
   922 ;;Total ram usage:        1 bytes
   923 ;; Hardware stack levels used:    1
   924 ;; Hardware stack levels required when called:    1
   925 ;; This function calls:
   926 ;;		Nothing
   927 ;; This function is called by:
   928 ;;		_clock_int_48MHz
   929 ;; This function uses a non-reentrant model
   930 ;;
   931                           
   932                           	psect	text6
   933  007C50                     __ptext6:
   934                           	opt stack 0
   935  007C50                     _le_eeprom:
   936                           	opt stack 28
   937                           
   938                           ;incstack = 0
   939                           ;le_eeprom@endereco stored from wreg
   940  007C50  CFE8 F00F          	movff	wreg,le_eeprom@endereco
   941                           
   942                           ;SanUSB48X.h: 427: EEADR = endereco;
   943  007C54  C00F  FFA9         	movff	le_eeprom@endereco,4009	;volatile
   944                           
   945                           ;SanUSB48X.h: 428: EECON1bits.WREN = 0;
   946  007C58  94A6               	bcf	4006,2,c	;volatile
   947                           
   948                           ;SanUSB48X.h: 429: EECON1bits.EEPGD = 0;
   949  007C5A  9EA6               	bcf	4006,7,c	;volatile
   950                           
   951                           ;SanUSB48X.h: 430: EECON1bits.CFGS = 0;
   952  007C5C  9CA6               	bcf	4006,6,c	;volatile
   953                           
   954                           ;SanUSB48X.h: 431: EECON1bits.RD = 1;
   955  007C5E  80A6               	bsf	4006,0,c	;volatile
   956                           
   957                           ;SanUSB48X.h: 432: return EEDATA;
   958  007C60  50A8               	movf	4008,w,c	;volatile
   959  007C62  0012               	return	
   960  007C64                     __end_of_le_eeprom:
   961                           	opt stack 0
   962                           tblptru	equ	0xFF8
   963                           tblptrh	equ	0xFF7
   964                           tblptrl	equ	0xFF6
   965                           tablat	equ	0xFF5
   966                           prodh	equ	0xFF4
   967                           prodl	equ	0xFF3
   968                           postinc0	equ	0xFEE
   969                           wreg	equ	0xFE8
   970                           postdec1	equ	0xFE5
   971                           fsr1l	equ	0xFE1
   972                           status	equ	0xFD8
   973                           
   974 ;; *************** function ___lwdiv *****************
   975 ;; Defined at:
   976 ;;		line 8 in file "C:\Program Files (x86)\Microchip\xc8\v1.31\sources\common\lwdiv.c"
   977 ;; Parameters:    Size  Location     Type
   978 ;;  dividend        2   21[COMRAM] unsigned int 
   979 ;;  divisor         2   23[COMRAM] unsigned int 
   980 ;; Auto vars:     Size  Location     Type
   981 ;;  quotient        2   26[COMRAM] unsigned int 
   982 ;;  counter         1   28[COMRAM] unsigned char 
   983 ;; Return value:  Size  Location     Type
   984 ;;                  2   21[COMRAM] unsigned int 
   985 ;; Registers used:
   986 ;;		wreg, status,2, status,0
   987 ;; Tracked objects:
   988 ;;		On entry : 0/0
   989 ;;		On exit  : 0/0
   990 ;;		Unchanged: 0/0
   991 ;; Data sizes:     COMRAM   BANK0   BANK1   BANK2   BANK3   BANK4   BANK5   BANK6   BANK7
   992 ;;      Params:         4       0       0       0       0       0       0       0       0
   993 ;;      Locals:         3       0       0       0       0       0       0       0       0
   994 ;;      Temps:          1       0       0       0       0       0       0       0       0
   995 ;;      Totals:         8       0       0       0       0       0       0       0       0
   996 ;;Total ram usage:        8 bytes
   997 ;; Hardware stack levels used:    1
   998 ;; Hardware stack levels required when called:    1
   999 ;; This function calls:
  1000 ;;		Nothing
  1001 ;; This function is called by:
  1002 ;;		_clock_int_48MHz
  1003 ;;		_sendnum
  1004 ;; This function uses a non-reentrant model
  1005 ;;
  1006                           
  1007                           	psect	text7
  1008  007DA0                     __ptext7:
  1009                           	opt stack 0
  1010  007DA0                     ___lwdiv:
  1011                           	opt stack 28
  1012                           
  1013                           ;incstack = 0
  1014  007DA0  0E00               	movlw	0
  1015  007DA2  6E1C               	movwf	___lwdiv@quotient+1,c
  1016  007DA4  0E00               	movlw	0
  1017  007DA6  6E1B               	movwf	___lwdiv@quotient,c
  1018  007DA8  5019               	movf	___lwdiv@divisor+1,w,c
  1019  007DAA  1018               	iorwf	___lwdiv@divisor,w,c
  1020  007DAC  B4D8               	btfsc	status,2,c
  1021  007DAE  D01E               	goto	l962
  1022  007DB0  6E1A               	movwf	??___lwdiv& (0+255),c
  1023  007DB2  0E01               	movlw	1
  1024  007DB4  6E1D               	movwf	___lwdiv@counter,c
  1025  007DB6  501A               	movf	??___lwdiv& (0+255),w,c
  1026  007DB8  D004               	goto	l1388
  1027  007DBA                     l1386:
  1028  007DBA  90D8               	bcf	status,0,c
  1029  007DBC  3618               	rlcf	___lwdiv@divisor,f,c
  1030  007DBE  3619               	rlcf	___lwdiv@divisor+1,f,c
  1031  007DC0  2A1D               	incf	___lwdiv@counter,f,c
  1032  007DC2                     l1388:
  1033  007DC2  AE19               	btfss	___lwdiv@divisor+1,7,c
  1034  007DC4  D7FA               	goto	l1386
  1035  007DC6                     l1390:
  1036  007DC6  90D8               	bcf	status,0,c
  1037  007DC8  361B               	rlcf	___lwdiv@quotient,f,c
  1038  007DCA  361C               	rlcf	___lwdiv@quotient+1,f,c
  1039  007DCC  5018               	movf	___lwdiv@divisor,w,c
  1040  007DCE  5C16               	subwf	___lwdiv@dividend,w,c
  1041  007DD0  5019               	movf	___lwdiv@divisor+1,w,c
  1042  007DD2  5817               	subwfb	___lwdiv@dividend+1,w,c
  1043  007DD4  A0D8               	btfss	status,0,c
  1044  007DD6  D005               	goto	l1398
  1045  007DD8  5018               	movf	___lwdiv@divisor,w,c
  1046  007DDA  5E16               	subwf	___lwdiv@dividend,f,c
  1047  007DDC  5019               	movf	___lwdiv@divisor+1,w,c
  1048  007DDE  5A17               	subwfb	___lwdiv@dividend+1,f,c
  1049  007DE0  801B               	bsf	___lwdiv@quotient,0,c
  1050  007DE2                     l1398:
  1051  007DE2  90D8               	bcf	status,0,c
  1052  007DE4  3219               	rrcf	___lwdiv@divisor+1,f,c
  1053  007DE6  3218               	rrcf	___lwdiv@divisor,f,c
  1054  007DE8  2E1D               	decfsz	___lwdiv@counter,f,c
  1055  007DEA  D7ED               	goto	l1390
  1056  007DEC                     l962:
  1057  007DEC  C01B  F016         	movff	___lwdiv@quotient,?___lwdiv
  1058  007DF0  C01C  F017         	movff	___lwdiv@quotient+1,?___lwdiv+1
  1059  007DF4  0012               	return	
  1060  007DF6                     __end_of___lwdiv:
  1061                           	opt stack 0
  1062                           tblptru	equ	0xFF8
  1063                           tblptrh	equ	0xFF7
  1064                           tblptrl	equ	0xFF6
  1065                           tablat	equ	0xFF5
  1066                           prodh	equ	0xFF4
  1067                           prodl	equ	0xFF3
  1068                           postinc0	equ	0xFEE
  1069                           wreg	equ	0xFE8
  1070                           postdec1	equ	0xFE5
  1071                           fsr1l	equ	0xFE1
  1072                           status	equ	0xFD8
  1073                           
  1074 ;; *************** function ___awmod *****************
  1075 ;; Defined at:
  1076 ;;		line 8 in file "C:\Program Files (x86)\Microchip\xc8\v1.31\sources\common\awmod.c"
  1077 ;; Parameters:    Size  Location     Type
  1078 ;;  dividend        2   14[COMRAM] int 
  1079 ;;  divisor         2   16[COMRAM] int 
  1080 ;; Auto vars:     Size  Location     Type
  1081 ;;  sign            1   20[COMRAM] unsigned char 
  1082 ;;  counter         1   19[COMRAM] unsigned char 
  1083 ;; Return value:  Size  Location     Type
  1084 ;;                  2   14[COMRAM] int 
  1085 ;; Registers used:
  1086 ;;		wreg, status,2, status,0, prodl
  1087 ;; Tracked objects:
  1088 ;;		On entry : 0/0
  1089 ;;		On exit  : 0/0
  1090 ;;		Unchanged: 0/0
  1091 ;; Data sizes:     COMRAM   BANK0   BANK1   BANK2   BANK3   BANK4   BANK5   BANK6   BANK7
  1092 ;;      Params:         4       0       0       0       0       0       0       0       0
  1093 ;;      Locals:         2       0       0       0       0       0       0       0       0
  1094 ;;      Temps:          1       0       0       0       0       0       0       0       0
  1095 ;;      Totals:         7       0       0       0       0       0       0       0       0
  1096 ;;Total ram usage:        7 bytes
  1097 ;; Hardware stack levels used:    1
  1098 ;; Hardware stack levels required when called:    1
  1099 ;; This function calls:
  1100 ;;		Nothing
  1101 ;; This function is called by:
  1102 ;;		_clock_int_48MHz
  1103 ;; This function uses a non-reentrant model
  1104 ;;
  1105                           
  1106                           	psect	text8
  1107  007E5E                     __ptext8:
  1108                           	opt stack 0
  1109  007E5E                     ___awmod:
  1110                           	opt stack 28
  1111                           
  1112                           ;incstack = 0
  1113  007E5E  6E13               	movwf	??___awmod& (0+255),c
  1114  007E60  0E00               	movlw	0
  1115  007E62  6E15               	movwf	___awmod@sign,c
  1116  007E64  5013               	movf	??___awmod& (0+255),w,c
  1117  007E66  5010               	movf	___awmod@dividend+1,w,c
  1118  007E68  0A80               	xorlw	128
  1119  007E6A  6EF3               	movwf	prodl,c
  1120  007E6C  0E80               	movlw	128
  1121  007E6E  5CF3               	subwf	prodl,w,c
  1122  007E70  0E00               	movlw	0
  1123  007E72  B4D8               	btfsc	status,2,c
  1124  007E74  5C0F               	subwf	___awmod@dividend,w,c
  1125  007E76  B0D8               	btfsc	status,0,c
  1126  007E78  D008               	goto	l1352
  1127  007E7A  6C0F               	negf	___awmod@dividend,c
  1128  007E7C  1E10               	comf	___awmod@dividend+1,f,c
  1129  007E7E  B0D8               	btfsc	status,0,c
  1130  007E80  2A10               	incf	___awmod@dividend+1,f,c
  1131  007E82  6E13               	movwf	??___awmod& (0+255),c
  1132  007E84  0E01               	movlw	1
  1133  007E86  6E15               	movwf	___awmod@sign,c
  1134  007E88  5013               	movf	??___awmod& (0+255),w,c
  1135  007E8A                     l1352:
  1136  007E8A  5012               	movf	___awmod@divisor+1,w,c
  1137  007E8C  0A80               	xorlw	128
  1138  007E8E  6EF3               	movwf	prodl,c
  1139  007E90  0E80               	movlw	128
  1140  007E92  5CF3               	subwf	prodl,w,c
  1141  007E94  0E00               	movlw	0
  1142  007E96  B4D8               	btfsc	status,2,c
  1143  007E98  5C11               	subwf	___awmod@divisor,w,c
  1144  007E9A  B0D8               	btfsc	status,0,c
  1145  007E9C  D004               	goto	l1356
  1146  007E9E  6C11               	negf	___awmod@divisor,c
  1147  007EA0  1E12               	comf	___awmod@divisor+1,f,c
  1148  007EA2  B0D8               	btfsc	status,0,c
  1149  007EA4  2A12               	incf	___awmod@divisor+1,f,c
  1150  007EA6                     l1356:
  1151  007EA6  5012               	movf	___awmod@divisor+1,w,c
  1152  007EA8  1011               	iorwf	___awmod@divisor,w,c
  1153  007EAA  B4D8               	btfsc	status,2,c
  1154  007EAC  D01A               	goto	l1372
  1155  007EAE  6E13               	movwf	??___awmod& (0+255),c
  1156  007EB0  0E01               	movlw	1
  1157  007EB2  6E14               	movwf	___awmod@counter,c
  1158  007EB4  5013               	movf	??___awmod& (0+255),w,c
  1159  007EB6  D004               	goto	l1362
  1160  007EB8                     l1360:
  1161  007EB8  90D8               	bcf	status,0,c
  1162  007EBA  3611               	rlcf	___awmod@divisor,f,c
  1163  007EBC  3612               	rlcf	___awmod@divisor+1,f,c
  1164  007EBE  2A14               	incf	___awmod@counter,f,c
  1165  007EC0                     l1362:
  1166  007EC0  AE12               	btfss	___awmod@divisor+1,7,c
  1167  007EC2  D7FA               	goto	l1360
  1168  007EC4                     l1364:
  1169  007EC4  5011               	movf	___awmod@divisor,w,c
  1170  007EC6  5C0F               	subwf	___awmod@dividend,w,c
  1171  007EC8  5012               	movf	___awmod@divisor+1,w,c
  1172  007ECA  5810               	subwfb	___awmod@dividend+1,w,c
  1173  007ECC  A0D8               	btfss	status,0,c
  1174  007ECE  D004               	goto	l1368
  1175  007ED0  5011               	movf	___awmod@divisor,w,c
  1176  007ED2  5E0F               	subwf	___awmod@dividend,f,c
  1177  007ED4  5012               	movf	___awmod@divisor+1,w,c
  1178  007ED6  5A10               	subwfb	___awmod@dividend+1,f,c
  1179  007ED8                     l1368:
  1180  007ED8  90D8               	bcf	status,0,c
  1181  007EDA  3212               	rrcf	___awmod@divisor+1,f,c
  1182  007EDC  3211               	rrcf	___awmod@divisor,f,c
  1183  007EDE  2E14               	decfsz	___awmod@counter,f,c
  1184  007EE0  D7F1               	goto	l1364
  1185  007EE2                     l1372:
  1186  007EE2  5015               	movf	___awmod@sign,w,c
  1187  007EE4  B4D8               	btfsc	status,2,c
  1188  007EE6  D004               	goto	l1376
  1189  007EE8  6C0F               	negf	___awmod@dividend,c
  1190  007EEA  1E10               	comf	___awmod@dividend+1,f,c
  1191  007EEC  B0D8               	btfsc	status,0,c
  1192  007EEE  2A10               	incf	___awmod@dividend+1,f,c
  1193  007EF0                     l1376:
  1194  007EF0  C00F  F00F         	movff	___awmod@dividend,?___awmod
  1195  007EF4  C010  F010         	movff	___awmod@dividend+1,?___awmod+1
  1196  007EF8  0012               	return	
  1197  007EFA                     __end_of___awmod:
  1198                           	opt stack 0
  1199                           tblptru	equ	0xFF8
  1200                           tblptrh	equ	0xFF7
  1201                           tblptrl	equ	0xFF6
  1202                           tablat	equ	0xFF5
  1203                           prodh	equ	0xFF4
  1204                           prodl	equ	0xFF3
  1205                           postinc0	equ	0xFEE
  1206                           wreg	equ	0xFE8
  1207                           postdec1	equ	0xFE5
  1208                           fsr1l	equ	0xFE1
  1209                           status	equ	0xFD8
  1210                           
  1211 ;; *************** function _interrupcao *****************
  1212 ;; Defined at:
  1213 ;;		line 4 in file "Blink.c"
  1214 ;; Parameters:    Size  Location     Type
  1215 ;;		None
  1216 ;; Auto vars:     Size  Location     Type
  1217 ;;		None
  1218 ;; Return value:  Size  Location     Type
  1219 ;;		None               void
  1220 ;; Registers used:
  1221 ;;		None
  1222 ;; Tracked objects:
  1223 ;;		On entry : 0/0
  1224 ;;		On exit  : 0/0
  1225 ;;		Unchanged: 0/0
  1226 ;; Data sizes:     COMRAM   BANK0   BANK1   BANK2   BANK3   BANK4   BANK5   BANK6   BANK7
  1227 ;;      Params:         0       0       0       0       0       0       0       0       0
  1228 ;;      Locals:         0       0       0       0       0       0       0       0       0
  1229 ;;      Temps:         14       0       0       0       0       0       0       0       0
  1230 ;;      Totals:        14       0       0       0       0       0       0       0       0
  1231 ;;Total ram usage:       14 bytes
  1232 ;; Hardware stack levels used:    1
  1233 ;; This function calls:
  1234 ;;		Nothing
  1235 ;; This function is called by:
  1236 ;;		Interrupt level 2
  1237 ;; This function uses a non-reentrant model
  1238 ;;
  1239                           
  1240                           	psect	intcode
  1241  001008                     __pintcode:
  1242                           	opt stack 0
  1243  001008                     _interrupcao:
  1244                           	opt stack 28
  1245                           
  1246                           ;incstack = 0
  1247  001008  CFFA F001          	movff	pclath,??_interrupcao
  1248  00100C  CFFB F002          	movff	pclatu,??_interrupcao+1
  1249  001010  CFE9 F003          	movff	fsr0l,??_interrupcao+2
  1250  001014  EDFB  F03E         	call	int_func,f	;refresh shadow registers
  1251                           pclatu	equ	0xFFB
  1252                           pclath	equ	0xFFA
  1253                           tblptru	equ	0xFF8
  1254                           tblptrh	equ	0xFF7
  1255                           tblptrl	equ	0xFF6
  1256                           tablat	equ	0xFF5
  1257                           prodh	equ	0xFF4
  1258                           prodl	equ	0xFF3
  1259                           postinc0	equ	0xFEE
  1260                           fsr0l	equ	0xFE9
  1261                           wreg	equ	0xFE8
  1262                           postdec1	equ	0xFE5
  1263                           fsr1l	equ	0xFE1
  1264                           status	equ	0xFD8
  1265                           
  1266                           	psect	intcode_body
  1267  007DF6                     __pintcode_body:
  1268                           	opt stack 28
  1269  007DF6                     int_func:
  1270                           	opt stack 28
  1271  007DF6  0006               	pop		; remove dummy address from shadow register refresh
  1272  007DF8  CFEA F004          	movff	fsr0h,??_interrupcao+3
  1273  007DFC  CFE1 F005          	movff	fsr1l,??_interrupcao+4
  1274  007E00  CFE2 F006          	movff	fsr1h,??_interrupcao+5
  1275  007E04  CFD9 F007          	movff	fsr2l,??_interrupcao+6
  1276  007E08  CFDA F008          	movff	fsr2h,??_interrupcao+7
  1277  007E0C  CFF3 F009          	movff	prodl,??_interrupcao+8
  1278  007E10  CFF4 F00A          	movff	prodh,??_interrupcao+9
  1279  007E14  CFF6 F00B          	movff	tblptrl,??_interrupcao+10
  1280  007E18  CFF7 F00C          	movff	tblptrh,??_interrupcao+11
  1281  007E1C  CFF8 F00D          	movff	tblptru,??_interrupcao+12
  1282  007E20  CFF5 F00E          	movff	tablat,??_interrupcao+13
  1283  007E24  C00E  FFF5         	movff	??_interrupcao+13,tablat
  1284  007E28  C00D  FFF8         	movff	??_interrupcao+12,tblptru
  1285  007E2C  C00C  FFF7         	movff	??_interrupcao+11,tblptrh
  1286  007E30  C00B  FFF6         	movff	??_interrupcao+10,tblptrl
  1287  007E34  C00A  FFF4         	movff	??_interrupcao+9,prodh
  1288  007E38  C009  FFF3         	movff	??_interrupcao+8,prodl
  1289  007E3C  C008  FFDA         	movff	??_interrupcao+7,fsr2h
  1290  007E40  C007  FFD9         	movff	??_interrupcao+6,fsr2l
  1291  007E44  C006  FFE2         	movff	??_interrupcao+5,fsr1h
  1292  007E48  C005  FFE1         	movff	??_interrupcao+4,fsr1l
  1293  007E4C  C004  FFEA         	movff	??_interrupcao+3,fsr0h
  1294  007E50  C003  FFE9         	movff	??_interrupcao+2,fsr0l
  1295  007E54  C002  FFFB         	movff	??_interrupcao+1,pclatu
  1296  007E58  C001  FFFA         	movff	??_interrupcao,pclath
  1297  007E5C  0011               	retfie		f
  1298  007E5E                     __end_of_interrupcao:
  1299                           	opt stack 0
  1300  0000                     pclatu	equ	0xFFB
  1301                           pclath	equ	0xFFA
  1302                           tblptru	equ	0xFF8
  1303                           tblptrh	equ	0xFF7
  1304                           tblptrl	equ	0xFF6
  1305                           tablat	equ	0xFF5
  1306                           prodh	equ	0xFF4
  1307                           prodl	equ	0xFF3
  1308                           postinc0	equ	0xFEE
  1309                           fsr0h	equ	0xFEA
  1310                           fsr0l	equ	0xFE9
  1311                           wreg	equ	0xFE8
  1312                           postdec1	equ	0xFE5
  1313                           fsr1h	equ	0xFE2
  1314                           fsr1l	equ	0xFE1
  1315                           fsr2h	equ	0xFDA
  1316                           fsr2l	equ	0xFD9
  1317                           status	equ	0xFD8
  1318                           pclatu	equ	0xFFB
  1319                           pclath	equ	0xFFA
  1320                           tblptru	equ	0xFF8
  1321                           tblptrh	equ	0xFF7
  1322                           tblptrl	equ	0xFF6
  1323                           tablat	equ	0xFF5
  1324                           prodh	equ	0xFF4
  1325                           prodl	equ	0xFF3
  1326                           postinc0	equ	0xFEE
  1327                           fsr0h	equ	0xFEA
  1328                           fsr0l	equ	0xFE9
  1329                           wreg	equ	0xFE8
  1330                           postdec1	equ	0xFE5
  1331                           fsr1h	equ	0xFE2
  1332                           fsr1l	equ	0xFE1
  1333                           fsr2h	equ	0xFDA
  1334                           fsr2l	equ	0xFD9
  1335                           status	equ	0xFD8
  1336                           
  1337                           	psect	rparam
  1338  0000                     pclatu	equ	0xFFB
  1339                           pclath	equ	0xFFA
  1340                           tblptru	equ	0xFF8
  1341                           tblptrh	equ	0xFF7
  1342                           tblptrl	equ	0xFF6
  1343                           tablat	equ	0xFF5
  1344                           prodh	equ	0xFF4
  1345                           prodl	equ	0xFF3
  1346                           postinc0	equ	0xFEE
  1347                           fsr0h	equ	0xFEA
  1348                           fsr0l	equ	0xFE9
  1349                           wreg	equ	0xFE8
  1350                           postdec1	equ	0xFE5
  1351                           fsr1h	equ	0xFE2
  1352                           fsr1l	equ	0xFE1
  1353                           fsr2h	equ	0xFDA
  1354                           fsr2l	equ	0xFD9
  1355                           status	equ	0xFD8


Data Sizes:
    Strings     0
    Constant    0
    Data        4
    BSS         1
    Persistent  0
    Stack       0

Auto Spaces:
    Space          Size  Autos    Used
    COMRAM           95     29      34
    BANK0           160      0       0
    BANK1           256      0       0
    BANK2           256      0       0
    BANK3           256      0       0
    BANK4           256      0       0
    BANK5           256      0       0
    BANK6           256      0       0
    BANK7           256      0       0

Pointer List with Targets:

    None.

Critical Paths under _main in COMRAM

    _tempo_ms->___wmul
    _clock_int_48MHz->___lwdiv
    ___lwdiv->___awmod

Critical Paths under _interrupcao in COMRAM

    None.

Critical Paths under _main in BANK0

    None.

Critical Paths under _interrupcao in BANK0

    None.

Critical Paths under _main in BANK1

    None.

Critical Paths under _interrupcao in BANK1

    None.

Critical Paths under _main in BANK2

    None.

Critical Paths under _interrupcao in BANK2

    None.

Critical Paths under _main in BANK3

    None.

Critical Paths under _interrupcao in BANK3

    None.

Critical Paths under _main in BANK4

    None.

Critical Paths under _interrupcao in BANK4

    None.

Critical Paths under _main in BANK5

    None.

Critical Paths under _interrupcao in BANK5

    None.

Critical Paths under _main in BANK6

    None.

Critical Paths under _interrupcao in BANK6

    None.

Critical Paths under _main in BANK7

    None.

Critical Paths under _interrupcao in BANK7

    None.

Call Graph Tables:

 ---------------------------------------------------------------------------------
 (Depth) Function   	        Calls       Base Space   Used Autos Params    Refs
 ---------------------------------------------------------------------------------
 (0) _main                                                 0     0      0    1432
                    _clock_int_48MHz
                      _inverte_saida
                           _tempo_ms
 ---------------------------------------------------------------------------------
 (1) _tempo_ms                                             4     2      2     626
                                             20 COMRAM     4     2      2
                        _Delay1KTCYx
                             ___wmul
 ---------------------------------------------------------------------------------
 (2) ___wmul                                               6     2      4     445
                                             14 COMRAM     6     2      4
 ---------------------------------------------------------------------------------
 (2) _Delay1KTCYx                                          1     1      0      15
                                             14 COMRAM     1     1      0
 ---------------------------------------------------------------------------------
 (1) _inverte_saida                                        4     2      2      83
                                             14 COMRAM     4     2      2
 ---------------------------------------------------------------------------------
 (1) _clock_int_48MHz                                      0     0      0     723
                            ___awmod
                            ___lwdiv
                          _le_eeprom
 ---------------------------------------------------------------------------------
 (2) _le_eeprom                                            1     1      0      15
                                             14 COMRAM     1     1      0
 ---------------------------------------------------------------------------------
 (2) ___lwdiv                                              8     4      4     445
                                             21 COMRAM     8     4      4
                            ___awmod (ARG)
 ---------------------------------------------------------------------------------
 (2) ___awmod                                              7     3      4     263
                                             14 COMRAM     7     3      4
 ---------------------------------------------------------------------------------
 Estimated maximum stack depth 2
 ---------------------------------------------------------------------------------
 (Depth) Function   	        Calls       Base Space   Used Autos Params    Refs
 ---------------------------------------------------------------------------------
 (3) _interrupcao                                         14    14      0       0
                                              0 COMRAM    14    14      0
 ---------------------------------------------------------------------------------
 Estimated maximum stack depth 3
 ---------------------------------------------------------------------------------

 Call Graph Graphs:

 _main (ROOT)
   _clock_int_48MHz
     ___awmod
     ___lwdiv
       ___awmod (ARG)
     _le_eeprom
   _inverte_saida
   _tempo_ms
     _Delay1KTCYx
     ___wmul

 _interrupcao (ROOT)

 Address spaces:
Name               Size   Autos  Total    Cost      Usage
BIGRAM             7FF      0       0      21        0.0%
EEDATA             100      0       0       0        0.0%
BITBANK7           100      0       0      18        0.0%
BANK7              100      0       0      19        0.0%
BITBANK6           100      0       0      16        0.0%
BANK6              100      0       0      17        0.0%
BITBANK5           100      0       0      14        0.0%
BANK5              100      0       0      15        0.0%
BITBANK4           100      0       0      12        0.0%
BANK4              100      0       0      13        0.0%
BITBANK3           100      0       0      10        0.0%
BANK3              100      0       0      11        0.0%
BITBANK2           100      0       0       8        0.0%
BANK2              100      0       0       9        0.0%
BITBANK1           100      0       0       6        0.0%
BANK1              100      0       0       7        0.0%
BITBANK0            A0      0       0       4        0.0%
BANK0               A0      0       0       5        0.0%
BITCOMRAM           5F      0       0       0        0.0%
COMRAM              5F     1D      22       1       35.8%
BITSFR               0      0       0      40        0.0%
SFR                  0      0       0      40        0.0%
STACK                0      0       0       2        0.0%
NULL                 0      0       0       0        0.0%
ABS                  0      0      22      20        0.0%
DATA                 0      0      22       3        0.0%
CODE                 0      0       0       0        0.0%


Microchip Technology PIC18 Macro Assembler V1.31 build 56723 
Symbol Table                                                                                   Tue Jun 16 22:04:22 2015

                       _R 001E                         _k 0022       ___wmul@multiplicand 0011  
       ??_clock_int_48MHz 001E                       l230 7F02                       l231 7F08  
                     l240 7F3E                       l232 7F0E                       l241 7F44  
                     l233 7F14                       l242 7F4A                       l234 7F1A  
                     l243 7F50                       l235 7F20                       l244 7F56  
                     l236 7F26                       l228 7EFC                       l245 7F5C  
                     l237 7F2C                       l246 7F62                       l238 7F32  
                     l247 7F68                       l239 7F38                       l248 7F6E  
                     l249 7FFE     __end_of_inverte_saida 8000                       l282 7D12  
                     l372 7D56                       l660 7C42                       l962 7DEC  
                     _PR2 000FCB                       _REG 0020                       u547 7C44  
            ___awmod@sign 0015                       wreg 000FE8                      l1412 7F74  
                    l1422 7D20                      l1360 7EB8                      l1352 7E8A  
                    l1362 7EC0                      l1426 7D2A                      l1364 7EC4  
                    l1372 7EE2                      l1356 7EA6                      l1390 7DC6  
                    l1376 7EF0                      l1368 7ED8                      l1386 7DBA  
                    l1388 7DC2                      l1398 7DE2                      l1750 7CCE  
                    _LATA 000F89                      _LATB 000F8A                      _LATC 000F8B  
                    _main 7CCA                      fsr0h 000FEA                      fsr1h 000FE2  
                    fsr0l 000FE9                      fsr2h 000FDA                      fsr1l 000FE1  
                    fsr2l 000FD9                      pclat 000FFA                      prodh 000FF4  
                    prodl 000FF3                      start 1018         inverte_saida@pino 000F  
             _Delay1KTCYx 7C3E                     ?_main 0001                     _ADRES 000FC3  
                   _EEADR 000FA9           __end_of___awmod 7EFA                     _T0CON 000FD5  
                   _T2CON 000FCA           __end_of___lwdiv 7DF6                     _RCSTA 000FAB  
                   _REGad 0021                     _TMR0H 000FD7                     _TMR1H 000FCF  
                   _TMR0L 000FD6                     _TMR3H 000FB3                     _TMR1L 000FCE  
                   _TMR3L 000FB2                     _SPBRG 000FAF                     _TRISA 000F92  
                   _TRISB 000F93                     _TRISC 000F94                     _TXREG 000FAD  
                   _TXSTA 000FAC                     tablat 000FF5                     status 000FD8  
         __initialization 7C64              ?_interrupcao 0001              __end_of_main 7D04  
                  ??_main 001E             __activetblptr 000002                    _ADCON0 000FC2  
                  _ADCON1 000FC1                    _ADCON2 000FC0                    _ADRESH 000FC4  
                  _EEDATA 000FA8                    _CCPR1L 000FBE                    _CCPR2L 000FBB  
                  _EECON1 000FA6                    _EECON2 000FA7                    _SPBRGH 000FB0  
                  ___wmul 7C90                 ??___awmod 0013                 ??___lwdiv 001A  
         ___awmod@divisor 0011           ___awmod@counter 0014              __pdataCOMRAM 001E  
        __end_of_tempo_ms 7D4C                    tblptrh 000FF7                    tblptrl 000FF6  
                  tblptru 000FF8                __accesstop 0060   __end_of__initialization 7C86  
         _clock_int_48MHz 7D4C            __pcstackCOMRAM 0001        __size_of_le_eeprom 0014  
                 ?___wmul 000F      __size_of_interrupcao 6E56                   _CCP1CON 000FBD  
                 _CCP2CON 000FBA              ?_Delay1KTCYx 0001                   _BAUDCON 000FB8  
 __end_of_clock_int_48MHz 7DA0    __size_of_inverte_saida 0106                   __Hparam 0000  
                 __Lparam 0000                 ?_tempo_ms 0015         __end_of_le_eeprom 7C64  
                 ___awmod 7E5E           __size_of___wmul 003A                   ___lwdiv 7DA0  
                 __pcinit 7C64                   __ramtop 0800                   __ptext0 7CCA  
                 __ptext1 7D04                   __ptext2 7C90                   __ptext3 7C3E  
                 __ptext4 7EFA                   __ptext5 7D4C                   __ptext6 7C50  
                 __ptext7 7DA0                   __ptext8 7E5E                 _T0CONbits 000FD5  
               _T1CONbits 000FCD                 _T2CONbits 000FCA                 _T3CONbits 000FB1  
        ___awmod@dividend 000F            __pintcode_body 7DF6      end_of_initialization 7C86  
           __Lmediumconst 0000                   int_func 7DF6                ??_tempo_ms 0017  
                 postdec1 000FE5                   postinc0 000FEE                 _PORTAbits 000F80  
               _PORTBbits 000F81                 _PORTCbits 000F82                 _PORTDbits 000F83  
               _PORTEbits 000F84             _inverte_saida 7EFA                 _TRISAbits 000F92  
               _TRISBbits 000F93                 _TRISCbits 000F94                 _TRISDbits 000F95  
        ?_clock_int_48MHz 0001                 _TXSTAbits 000FAC            __end_of___wmul 7CCA  
             _BAUDCONbits 000FB8             __pidataCOMRAM 7C3A            ?_inverte_saida 000F  
    __size_of_Delay1KTCYx 0012       start_initialization 7C64                  ??___wmul 0013  
             __pbssCOMRAM 0022           Delay1KTCYx@unit 000F          ___lwdiv@dividend 0016  
           ??_interrupcao 0001                 __pintcode 1008                  ?___awmod 000F  
                ?___lwdiv 0016         __size_of_tempo_ms 0048           ??_inverte_saida 0011  
               _le_eeprom 7C50          ___lwdiv@quotient 001B            ___wmul@product 0013  
                _IPR1bits 000F9F                  _PIE1bits 000F9D                  _PIE2bits 000FA0  
                _RCONbits 000FD0                ?_le_eeprom 0001       __end_of_interrupcao 7E5E  
              _ADCON0bits 000FC2                _ADCON2bits 000FC0         ___wmul@multiplier 000F  
             _INTCON2bits 000FF1               _INTCON3bits 000FF0                 copy_data0 7C7A  
              _EECON1bits 000FA6                  __Hrparam 0000                  __Lrparam 0000  
        __size_of___awmod 009C          __size_of___lwdiv 0056           ___lwdiv@divisor 0018  
         ___lwdiv@counter 001D             __size_of_main 003A  __size_of_clock_int_48MHz 0054  
             _interrupcao 1008                 tempo_ms@i 0015                  _tempo_ms 7D04  
               tempo_ms@k 0017         le_eeprom@endereco 000F             ??_Delay1KTCYx 000F  
             ??_le_eeprom 000F                _INTCONbits 000FF2                  intlevel2 0000  
     __end_of_Delay1KTCYx 7C50                _WDTCONbits 000FD1  
